14:07:09.168 [main] INFO  testBase.BaseClass - **********Clicking on next Button***********
14:07:09.301 [main] INFO  testBase.BaseClass - **********clickOnNextbtn() successfully passed***********
14:07:09.661 [main] INFO  testBase.BaseClass - **********Entring Recipient name***********
14:07:09.840 [main] INFO  testBase.BaseClass - **********lenterNameofRecipient() successfully passed***********
14:07:09.996 [main] INFO  testBase.BaseClass - **********Entering the invalid recipient email***********
14:07:10.136 [main] INFO  testBase.BaseClass - **********EnterEmailofRecipient() successfully passed***********
14:07:10.311 [main] INFO  testBase.BaseClass - **********Entring Recipient Mobile number***********
14:07:10.426 [main] INFO  testBase.BaseClass - *********enterMobileofRecipient() successfully passed***********
14:07:10.576 [main] INFO  testBase.BaseClass - **********Entering Name of Customer***********
14:07:10.686 [main] INFO  testBase.BaseClass - *********enterNameofCustomer() successfully passed***********
14:07:10.840 [main] INFO  testBase.BaseClass - **********Entring Email of Customer***********
14:07:10.957 [main] INFO  testBase.BaseClass - **********enterEmailofCustomer() successfully passed***********
14:07:11.122 [main] INFO  testBase.BaseClass - **********Entering Mobile number of Customer***********
14:07:11.230 [main] INFO  testBase.BaseClass - **********enterMobileNumberofCustomer() successfully passed***********
14:07:11.374 [main] INFO  testBase.BaseClass - **********Entering Address of Customer***********
14:07:11.475 [main] INFO  testBase.BaseClass - **********enterAddressofCustomer() successfully passed***********
14:07:11.613 [main] INFO  testBase.BaseClass - **********Entering Pin code of Customer***********
14:07:11.725 [main] INFO  testBase.BaseClass - **********enterPinofCustomerPin() successfully passed***********
14:07:11.868 [main] INFO  testBase.BaseClass - **********Entering Message ***********
14:07:11.998 [main] INFO  testBase.BaseClass - **********enterMessageIfAny() successfully passed***********
14:07:12.156 [main] INFO  testBase.BaseClass - **********Clicking confirm button***********
14:07:15.345 [main] INFO  testBase.BaseClass - **********clickOnConfirmbtn() successfully passed***********
14:07:15.452 [main] INFO  testBase.BaseClass - **********Capturing Error Message***********
14:07:15.469 [main] INFO  testBase.BaseClass - **********getErrorMessage() successfully passed***********
14:07:15.574 [main] INFO  testBase.BaseClass - **********Clearing the email input box for recipient***********
14:07:15.680 [main] INFO  testBase.BaseClass - **********clearrecipientmail() successfully passed***********
14:07:15.842 [main] INFO  testBase.BaseClass - **********Entering correct mail for recipient***********
14:07:15.945 [main] INFO  testBase.BaseClass - **********enterCorrectDeatils() successfully passed***********
14:07:16.079 [main] INFO  testBase.BaseClass - **********clicking on confirm button***********
14:07:19.229 [main] INFO  testBase.BaseClass - **********clickConfirmWithcorrectEmail() successfully passed***********
14:07:19.503 [main] INFO  testBase.BaseClass - **********Verfiying form submitted successfully***********
14:07:19.540 [main] INFO  testBase.BaseClass - **********confirmDetails() successfully passed***********
14:07:19.823 [main] INFO  testBase.BaseClass - **********Starting TC_0005_ConfirmingFormDetails ************
14:07:19.823 [main] INFO  testBase.BaseClass - **********Verifying the Entered Amount***********
14:07:19.888 [main] INFO  testBase.BaseClass - **********confirmamountEnetered() successfully passed***********
14:07:20.144 [main] INFO  testBase.BaseClass - **********Verifying Recipient name***********
14:07:20.215 [main] INFO  testBase.BaseClass - **********confirmrecipientName() successfully passed***********
14:07:20.472 [main] INFO  testBase.BaseClass - **********Verifying recipient Email***********
14:07:20.522 [main] INFO  testBase.BaseClass - **********confirmrecipientEmail() successfully passed***********
14:07:20.792 [main] INFO  testBase.BaseClass - **********Verifying recipient Mobile number***********
14:07:20.837 [main] INFO  testBase.BaseClass - **********confirmrecipientMobile() successfully passed***********
14:07:21.086 [main] INFO  testBase.BaseClass - **********Verifying customer name***********
14:07:21.138 [main] INFO  testBase.BaseClass - **********confirmcustomerName() successfully passed***********
14:07:21.407 [main] INFO  testBase.BaseClass - **********Verifying customer Email***********
14:07:21.463 [main] INFO  testBase.BaseClass - **********confirmcustomerEmail() successfully passed***********
14:07:21.759 [main] INFO  testBase.BaseClass - **********Verifying customer mobile number***********
14:07:21.823 [main] INFO  testBase.BaseClass - **********confirmcustomerMobile() successfully passed***********
14:07:22.134 [main] INFO  testBase.BaseClass - **********Verifying customer city***********
